<?xml version="1.0" encoding="UTF-8"?>
<!-- Generated by org.testng.reporters.JUnitReportReporter -->
<testsuite hostname="THSLT10210" failures="0" tests="1" name="nbk.api.request.activation.UsernameActivationPOST" time="7.981" errors="0" timestamp="2021-03-16T18:39:27 IST" skipped="0">
  <testcase classname="nbk.api.request.activation.UsernameActivationPOST" name="UsernameActivationPOSTRequest" time="7.981"/>
  <system-out/>
</testsuite> <!-- nbk.api.request.activation.UsernameActivationPOST -->
