<?xml version="1.0" encoding="UTF-8"?>
<!-- Generated by org.testng.reporters.JUnitReportReporter -->
<testsuite hostname="THSLT10210" failures="0" tests="1" name="nbk.api.datamodel.activationidgeneration" time="3.681" errors="0" timestamp="2021-03-14T12:53:22 IST" skipped="0">
  <testcase classname="nbk.api.datamodel.activationidgeneration" name="actgen" time="3.681"/>
  <system-out/>
</testsuite> <!-- nbk.api.datamodel.activationidgeneration -->
