<?xml version="1.0" encoding="UTF-8"?>
<!-- Generated by org.testng.reporters.JUnitReportReporter -->
<testsuite hostname="THSLT10210" failures="0" tests="1" name="nbk.api.request.activation.AllPOSTRequestWithOneActivationGeneration" time="5.511" errors="0" timestamp="2021-03-17T12:57:47 IST" skipped="0">
  <testcase classname="nbk.api.request.activation.AllPOSTRequestWithOneActivationGeneration" name="AllRequestswithActivationID" time="5.511"/>
  <system-out/>
</testsuite> <!-- nbk.api.request.activation.AllPOSTRequestWithOneActivationGeneration -->
