<?xml version="1.0" encoding="UTF-8"?>
<!-- Generated by org.testng.reporters.JUnitReportReporter -->
<testsuite hostname="THSLT10210" failures="0" tests="1" name="nbk.api.request.activation.activationidgeneration" time="6.233" errors="0" timestamp="2021-03-14T18:48:34 IST" skipped="0">
  <testcase classname="nbk.api.request.activation.activationidgeneration" name="actgen" time="6.233"/>
  <system-out/>
</testsuite> <!-- nbk.api.request.activation.activationidgeneration -->
