<?xml version="1.0" encoding="UTF-8"?>
<!-- Generated by org.testng.reporters.JUnitReportReporter -->
<testsuite hostname="THSLT10210" failures="0" tests="1" name="nbk.api.request.activation.termsActivationGET" time="5.271" errors="0" timestamp="2021-03-15T10:44:15 IST" skipped="0">
  <testcase classname="nbk.api.request.activation.termsActivationGET" name="TermsActivationGETRequest" time="5.271"/>
  <system-out/>
</testsuite> <!-- nbk.api.request.activation.termsActivationGET -->
