<?xml version="1.0" encoding="UTF-8"?>
<!-- Generated by org.testng.reporters.JUnitReportReporter -->
<testsuite hostname="THSLT10210" failures="0" tests="1" name="APIs.userRegisterPOST" time="1.275" errors="0" timestamp="2021-03-08T11:47:03 IST" skipped="0">
  <testcase classname="APIs.userRegisterPOST" name="RegisteruserPOST" time="1.275"/>
  <system-out/>
</testsuite> <!-- APIs.userRegisterPOST -->
