<?xml version="1.0" encoding="UTF-8"?>
<!-- Generated by org.testng.reporters.JUnitReportReporter -->
<testsuite hostname="THSLT10210" failures="0" tests="1" name="APIs.userLoginPOST" time="0.000" errors="0" timestamp="2021-03-08T11:47:03 IST" skipped="1">
  <testcase classname="APIs.userLoginPOST" name="LoginUserPOST" time="0.000">
    <skipped/>
  </testcase> <!-- LoginUserPOST -->
  <system-out/>
</testsuite> <!-- APIs.userLoginPOST -->
