<?xml version="1.0" encoding="UTF-8"?>
<!-- Generated by org.testng.reporters.JUnitReportReporter -->
<testsuite hostname="THSLT10210" failures="0" tests="1" name="APIs.usersinglelistGET" time="0.727" errors="0" timestamp="2021-03-08T11:47:03 IST" skipped="0">
  <testcase classname="APIs.usersinglelistGET" name="UserlistGET" time="0.727"/>
  <system-out/>
</testsuite> <!-- APIs.usersinglelistGET -->
