<?xml version="1.0" encoding="UTF-8"?>
<!-- Generated by org.testng.reporters.JUnitReportReporter -->
<testsuite hostname="THSLT10210" failures="0" tests="1" name="APIs.userDELETE" time="0.704" errors="0" timestamp="2021-03-08T11:47:03 IST" skipped="0">
  <testcase classname="APIs.userDELETE" name="DeleteUser" time="0.704"/>
  <system-out/>
</testsuite> <!-- APIs.userDELETE -->
