<?xml version="1.0" encoding="UTF-8"?>
<!-- Generated by org.testng.reporters.JUnitReportReporter -->
<testsuite hostname="THSLT10210" failures="0" tests="1" name="nbk.api.request.activation.termsConfirmationPOST" time="1.511" errors="0" timestamp="2021-03-14T19:53:28 IST" skipped="0">
  <testcase classname="nbk.api.request.activation.termsConfirmationPOST" name="TermsConfirmationPOST" time="1.511"/>
  <system-out/>
</testsuite> <!-- nbk.api.request.activation.termsConfirmationPOST -->
