<?xml version="1.0" encoding="UTF-8"?>
<!-- Generated by org.testng.reporters.JUnitReportReporter -->
<testsuite hostname="THSLT10210" failures="0" tests="1" name="nbk.api.request.activation.LoginChallengePOST" time="6.166" errors="0" timestamp="2021-04-19T16:47:00 IST" skipped="0">
  <testcase classname="nbk.api.request.activation.LoginChallengePOST" name="LoginChallengePOSTRequest" time="6.166"/>
  <system-out/>
</testsuite> <!-- nbk.api.request.activation.LoginChallengePOST -->
