<?xml version="1.0" encoding="UTF-8"?>
<!-- Generated by org.testng.reporters.JUnitReportReporter -->
<testsuite hostname="THSLT10210" failures="0" tests="1" name="nbk.api.request.activation.AllPOSTRequestWithOneActivationID" time="8.017" errors="0" timestamp="2021-03-25T22:27:38 IST" skipped="0">
  <testcase classname="nbk.api.request.activation.AllPOSTRequestWithOneActivationID" name="UsernameActivationPOSTwithActivationID" time="8.017"/>
  <system-out/>
</testsuite> <!-- nbk.api.request.activation.AllPOSTRequestWithOneActivationID -->
